This file contains any messages produced by compilers while
running configure, to aid debugging if configure makes a mistake.

It was created by v-amps configure 0.0.1, which was
generated by GNU Autoconf 2.69.  Invocation command line was

  $ ./configure 

## --------- ##
## Platform. ##
## --------- ##

hostname = ede-MacBookPro
uname -m = x86_64
uname -r = 4.4.0-77-generic
uname -s = Linux
uname -v = #98-Ubuntu SMP Wed Apr 26 08:34:02 UTC 2017

/usr/bin/uname -p = unknown
/bin/uname -X     = unknown

/bin/arch              = unknown
/usr/bin/arch -k       = unknown
/usr/convex/getsysinfo = unknown
/usr/bin/hostinfo      = unknown
/bin/machine           = unknown
/usr/bin/oslevel       = unknown
/bin/universe          = unknown

PATH: /usr/local/sbin
PATH: /usr/local/bin
PATH: /usr/sbin
PATH: /usr/bin
PATH: /sbin
PATH: /bin
PATH: /usr/games
PATH: /usr/local/games
PATH: /snap/bin


## ----------- ##
## Core tests. ##
## ----------- ##

configure:2332: checking build system type
configure:2346: result: x86_64-unknown-linux-gnu
configure:2366: checking host system type
configure:2379: result: x86_64-unknown-linux-gnu
configure:2399: checking target system type
configure:2412: result: x86_64-unknown-linux-gnu
configure:2458: checking for a BSD-compatible install
configure:2526: result: /usr/bin/install -c
configure:2537: checking whether build environment is sane
configure:2592: result: yes
configure:2630: WARNING: 'missing' script is too old or missing
configure:2743: checking for a thread-safe mkdir -p
configure:2782: result: /bin/mkdir -p
configure:2789: checking for gawk
configure:2819: result: no
configure:2789: checking for mawk
configure:2805: found /usr/bin/mawk
configure:2816: result: mawk
configure:2827: checking whether make sets $(MAKE)
configure:2849: result: yes
configure:2878: checking whether make supports nested variables
configure:2895: result: yes
configure:3081: checking for g++
configure:3097: found /usr/bin/g++
configure:3108: result: g++
configure:3135: checking for C++ compiler version
configure:3144: g++ --version >&5
g++ (Ubuntu 5.4.0-6ubuntu1~16.04.4) 5.4.0 20160609
Copyright (C) 2015 Free Software Foundation, Inc.
This is free software; see the source for copying conditions.  There is NO
warranty; not even for MERCHANTABILITY or FITNESS FOR A PARTICULAR PURPOSE.

configure:3155: $? = 0
configure:3144: g++ -v >&5
Using built-in specs.
COLLECT_GCC=g++
COLLECT_LTO_WRAPPER=/usr/lib/gcc/x86_64-linux-gnu/5/lto-wrapper
Target: x86_64-linux-gnu
Configured with: ../src/configure -v --with-pkgversion='Ubuntu 5.4.0-6ubuntu1~16.04.4' --with-bugurl=file:///usr/share/doc/gcc-5/README.Bugs --enable-languages=c,ada,c++,java,go,d,fortran,objc,obj-c++ --prefix=/usr --program-suffix=-5 --enable-shared --enable-linker-build-id --libexecdir=/usr/lib --without-included-gettext --enable-threads=posix --libdir=/usr/lib --enable-nls --with-sysroot=/ --enable-clocale=gnu --enable-libstdcxx-debug --enable-libstdcxx-time=yes --with-default-libstdcxx-abi=new --enable-gnu-unique-object --disable-vtable-verify --enable-libmpx --enable-plugin --with-system-zlib --disable-browser-plugin --enable-java-awt=gtk --enable-gtk-cairo --with-java-home=/usr/lib/jvm/java-1.5.0-gcj-5-amd64/jre --enable-java-home --with-jvm-root-dir=/usr/lib/jvm/java-1.5.0-gcj-5-amd64 --with-jvm-jar-dir=/usr/lib/jvm-exports/java-1.5.0-gcj-5-amd64 --with-arch-directory=amd64 --with-ecj-jar=/usr/share/java/eclipse-ecj.jar --enable-objc-gc --enable-multiarch --disable-werror --with-arch-32=i686 --with-abi=m64 --with-multilib-list=m32,m64,mx32 --enable-multilib --with-tune=generic --enable-checking=release --build=x86_64-linux-gnu --host=x86_64-linux-gnu --target=x86_64-linux-gnu
Thread model: posix
gcc version 5.4.0 20160609 (Ubuntu 5.4.0-6ubuntu1~16.04.4) 
configure:3155: $? = 0
configure:3144: g++ -V >&5
g++: error: unrecognized command line option '-V'
g++: fatal error: no input files
compilation terminated.
configure:3155: $? = 1
configure:3144: g++ -qversion >&5
g++: error: unrecognized command line option '-qversion'
g++: fatal error: no input files
compilation terminated.
configure:3155: $? = 1
configure:3175: checking whether the C++ compiler works
configure:3197: g++    conftest.cpp  >&5
configure:3201: $? = 0
configure:3249: result: yes
configure:3252: checking for C++ compiler default output file name
configure:3254: result: a.out
configure:3260: checking for suffix of executables
configure:3267: g++ -o conftest    conftest.cpp  >&5
configure:3271: $? = 0
configure:3293: result: 
configure:3315: checking whether we are cross compiling
configure:3323: g++ -o conftest    conftest.cpp  >&5
configure:3327: $? = 0
configure:3334: ./conftest
configure:3338: $? = 0
configure:3353: result: no
configure:3358: checking for suffix of object files
configure:3380: g++ -c   conftest.cpp >&5
configure:3384: $? = 0
configure:3405: result: o
configure:3409: checking whether we are using the GNU C++ compiler
configure:3428: g++ -c   conftest.cpp >&5
configure:3428: $? = 0
configure:3437: result: yes
configure:3446: checking whether g++ accepts -g
configure:3466: g++ -c -g  conftest.cpp >&5
configure:3466: $? = 0
configure:3507: result: yes
configure:3541: checking for style of include used by make
configure:3569: result: GNU
configure:3595: checking dependency style of g++
configure:3706: result: gcc3
configure:3769: checking for gcc
configure:3785: found /usr/bin/gcc
configure:3796: result: gcc
configure:4025: checking for C compiler version
configure:4034: gcc --version >&5
gcc (Ubuntu 5.4.0-6ubuntu1~16.04.4) 5.4.0 20160609
Copyright (C) 2015 Free Software Foundation, Inc.
This is free software; see the source for copying conditions.  There is NO
warranty; not even for MERCHANTABILITY or FITNESS FOR A PARTICULAR PURPOSE.

configure:4045: $? = 0
configure:4034: gcc -v >&5
Using built-in specs.
COLLECT_GCC=gcc
COLLECT_LTO_WRAPPER=/usr/lib/gcc/x86_64-linux-gnu/5/lto-wrapper
Target: x86_64-linux-gnu
Configured with: ../src/configure -v --with-pkgversion='Ubuntu 5.4.0-6ubuntu1~16.04.4' --with-bugurl=file:///usr/share/doc/gcc-5/README.Bugs --enable-languages=c,ada,c++,java,go,d,fortran,objc,obj-c++ --prefix=/usr --program-suffix=-5 --enable-shared --enable-linker-build-id --libexecdir=/usr/lib --without-included-gettext --enable-threads=posix --libdir=/usr/lib --enable-nls --with-sysroot=/ --enable-clocale=gnu --enable-libstdcxx-debug --enable-libstdcxx-time=yes --with-default-libstdcxx-abi=new --enable-gnu-unique-object --disable-vtable-verify --enable-libmpx --enable-plugin --with-system-zlib --disable-browser-plugin --enable-java-awt=gtk --enable-gtk-cairo --with-java-home=/usr/lib/jvm/java-1.5.0-gcj-5-amd64/jre --enable-java-home --with-jvm-root-dir=/usr/lib/jvm/java-1.5.0-gcj-5-amd64 --with-jvm-jar-dir=/usr/lib/jvm-exports/java-1.5.0-gcj-5-amd64 --with-arch-directory=amd64 --with-ecj-jar=/usr/share/java/eclipse-ecj.jar --enable-objc-gc --enable-multiarch --disable-werror --with-arch-32=i686 --with-abi=m64 --with-multilib-list=m32,m64,mx32 --enable-multilib --with-tune=generic --enable-checking=release --build=x86_64-linux-gnu --host=x86_64-linux-gnu --target=x86_64-linux-gnu
Thread model: posix
gcc version 5.4.0 20160609 (Ubuntu 5.4.0-6ubuntu1~16.04.4) 
configure:4045: $? = 0
configure:4034: gcc -V >&5
gcc: error: unrecognized command line option '-V'
gcc: fatal error: no input files
compilation terminated.
configure:4045: $? = 1
configure:4034: gcc -qversion >&5
gcc: error: unrecognized command line option '-qversion'
gcc: fatal error: no input files
compilation terminated.
configure:4045: $? = 1
configure:4049: checking whether we are using the GNU C compiler
configure:4068: gcc -c   conftest.c >&5
configure:4068: $? = 0
configure:4077: result: yes
configure:4086: checking whether gcc accepts -g
configure:4106: gcc -c -g  conftest.c >&5
configure:4106: $? = 0
configure:4147: result: yes
configure:4164: checking for gcc option to accept ISO C89
configure:4227: gcc  -c -g -O2  conftest.c >&5
configure:4227: $? = 0
configure:4240: result: none needed
configure:4265: checking whether gcc understands -c and -o together
configure:4287: gcc -c conftest.c -o conftest2.o
configure:4290: $? = 0
configure:4287: gcc -c conftest.c -o conftest2.o
configure:4290: $? = 0
configure:4302: result: yes
configure:4321: checking dependency style of gcc
configure:4432: result: gcc3
configure:4448: checking whether ln -s works
configure:4452: result: yes
configure:4502: checking for ranlib
configure:4518: found /usr/bin/ranlib
configure:4529: result: ranlib
configure:4605: checking for pkg-config
configure:4623: found /usr/bin/pkg-config
configure:4635: result: /usr/bin/pkg-config
configure:4660: checking pkg-config is at least version 0.9.0
configure:4663: result: yes
configure:4675: checking which processor class to optimize for
configure:4700: result: x86_64
configure:4714: Compiler optimization... -m64 -msse -mfpmath=sse -ffast-math
configure:4723: checking for main in -lQtCore
configure:4742: gcc -o conftest -g -O2   conftest.c -lQtCore   >&5
configure:4742: $? = 0
configure:4751: result: yes
configure:4764: checking for main in -lQtGui
configure:4783: gcc -o conftest -g -O2   conftest.c -lQtGui  -lQtCore  >&5
configure:4783: $? = 0
configure:4792: result: yes
configure:4805: checking for main in -lQtOpenGL
configure:4824: gcc -o conftest -g -O2   conftest.c -lQtOpenGL  -lQtGui -lQtCore  >&5
configure:4824: $? = 0
configure:4833: result: yes
configure:4846: checking for snd_pcm_open in -lasound
configure:4871: gcc -o conftest -g -O2   conftest.c -lasound  -lQtOpenGL -lQtGui -lQtCore  >&5
configure:4871: $? = 0
configure:4880: result: yes
configure:4893: checking for main in -lclalsadrv
configure:4912: gcc -o conftest -g -O2   conftest.c -lclalsadrv  -lasound -lQtOpenGL -lQtGui -lQtCore  >&5
configure:4912: $? = 0
configure:4921: result: yes
configure:4934: checking for jack_client_new in -ljack
configure:4959: gcc -o conftest -g -O2   conftest.c -ljack  -lclalsadrv -lasound -lQtOpenGL -lQtGui -lQtCore  >&5
configure:4959: $? = 0
configure:4968: result: yes
configure:4981: checking for pthread_create in -lpthread
configure:5006: gcc -o conftest -g -O2   conftest.c -lpthread  -ljack -lclalsadrv -lasound -lQtOpenGL -lQtGui -lQtCore  >&5
configure:5006: $? = 0
configure:5015: result: yes
configure:5028: checking for roundf in -lm
configure:5053: gcc -o conftest -g -O2   conftest.c -lm  -lpthread -ljack -lclalsadrv -lasound -lQtOpenGL -lQtGui -lQtCore  >&5
conftest.c:25:6: warning: conflicting types for built-in function 'roundf'
 char roundf ();
      ^
configure:5053: $? = 0
configure:5062: result: yes
configure:5078: checking for QT
configure:5085: $PKG_CONFIG --exists --print-errors "QtCore QtGui >= 4.2.0"
configure:5088: $? = 0
configure:5102: $PKG_CONFIG --exists --print-errors "QtCore QtGui >= 4.2.0"
configure:5105: $? = 0
configure:5143: result: yes
configure:5152: checking for /usr/include/qt4/QtGui/QWidget
configure:5166: result: yes
configure:5169: No extra QT_INCLUDE_DIR needed
configure:5199: Set QT_CXXFLAGS... -DQT_SHARED -I/usr/include/qt4 -I/usr/include/qt4/QtOpenGL -I/usr/include/qt4 -I/usr/include/qt4/QtGui -I/usr/include/qt4 -I/usr/include/qt4/QtCore
configure:5210: checking for moc-qt4
configure:5229: found /usr/bin/moc-qt4
configure:5241: result: /usr/bin/moc-qt4
configure:5261: checking for lupdate-qt4
configure:5280: found /usr/bin/lupdate-qt4
configure:5292: result: /usr/bin/lupdate-qt4
configure:5312: checking for lrelease-qt4
configure:5331: found /usr/bin/lrelease-qt4
configure:5343: result: /usr/bin/lrelease-qt4
configure:5365: checking how to run the C preprocessor
configure:5396: gcc -E  conftest.c
configure:5396: $? = 0
configure:5410: gcc -E  conftest.c
conftest.c:19:28: fatal error: ac_nonexistent.h: No such file or directory
compilation terminated.
configure:5410: $? = 1
configure: failed program was:
| /* confdefs.h */
| #define PACKAGE_NAME "v-amps"
| #define PACKAGE_TARNAME "v-amps"
| #define PACKAGE_VERSION "0.0.1"
| #define PACKAGE_STRING "v-amps 0.0.1"
| #define PACKAGE_BUGREPORT "ede.cameron@gmail.com"
| #define PACKAGE_URL ""
| #define PACKAGE "v-amps"
| #define VERSION "0.0.1"
| #define HAVE_LIBQTCORE 1
| #define HAVE_LIBQTGUI 1
| #define HAVE_LIBQTOPENGL 1
| #define HAVE_LIBASOUND 1
| #define HAVE_LIBCLALSADRV 1
| #define HAVE_LIBJACK 1
| #define HAVE_LIBPTHREAD 1
| #define HAVE_LIBM 1
| /* end confdefs.h.  */
| #include <ac_nonexistent.h>
configure:5435: result: gcc -E
configure:5455: gcc -E  conftest.c
configure:5455: $? = 0
configure:5469: gcc -E  conftest.c
conftest.c:19:28: fatal error: ac_nonexistent.h: No such file or directory
compilation terminated.
configure:5469: $? = 1
configure: failed program was:
| /* confdefs.h */
| #define PACKAGE_NAME "v-amps"
| #define PACKAGE_TARNAME "v-amps"
| #define PACKAGE_VERSION "0.0.1"
| #define PACKAGE_STRING "v-amps 0.0.1"
| #define PACKAGE_BUGREPORT "ede.cameron@gmail.com"
| #define PACKAGE_URL ""
| #define PACKAGE "v-amps"
| #define VERSION "0.0.1"
| #define HAVE_LIBQTCORE 1
| #define HAVE_LIBQTGUI 1
| #define HAVE_LIBQTOPENGL 1
| #define HAVE_LIBASOUND 1
| #define HAVE_LIBCLALSADRV 1
| #define HAVE_LIBJACK 1
| #define HAVE_LIBPTHREAD 1
| #define HAVE_LIBM 1
| /* end confdefs.h.  */
| #include <ac_nonexistent.h>
configure:5498: checking for grep that handles long lines and -e
configure:5556: result: /bin/grep
configure:5561: checking for egrep
configure:5623: result: /bin/grep -E
configure:5628: checking for ANSI C header files
configure:5648: gcc -c -g -O2  conftest.c >&5
configure:5648: $? = 0
configure:5721: gcc -o conftest -g -O2   conftest.c -lm -lpthread -ljack -lclalsadrv -lasound -lQtOpenGL -lQtGui -lQtCore  >&5
configure:5721: $? = 0
configure:5721: ./conftest
configure:5721: $? = 0
configure:5732: result: yes
configure:5747: checking for sys/types.h
configure:5747: gcc -c -g -O2  conftest.c >&5
configure:5747: $? = 0
configure:5747: result: yes
configure:5747: checking for sys/stat.h
configure:5747: gcc -c -g -O2  conftest.c >&5
configure:5747: $? = 0
configure:5747: result: yes
configure:5747: checking for stdlib.h
configure:5747: gcc -c -g -O2  conftest.c >&5
configure:5747: $? = 0
configure:5747: result: yes
configure:5747: checking for string.h
configure:5747: gcc -c -g -O2  conftest.c >&5
configure:5747: $? = 0
configure:5747: result: yes
configure:5747: checking for memory.h
configure:5747: gcc -c -g -O2  conftest.c >&5
configure:5747: $? = 0
configure:5747: result: yes
configure:5747: checking for strings.h
configure:5747: gcc -c -g -O2  conftest.c >&5
configure:5747: $? = 0
configure:5747: result: yes
configure:5747: checking for inttypes.h
configure:5747: gcc -c -g -O2  conftest.c >&5
configure:5747: $? = 0
configure:5747: result: yes
configure:5747: checking for stdint.h
configure:5747: gcc -c -g -O2  conftest.c >&5
configure:5747: $? = 0
configure:5747: result: yes
configure:5747: checking for unistd.h
configure:5747: gcc -c -g -O2  conftest.c >&5
configure:5747: $? = 0
configure:5747: result: yes
configure:5759: checking for stdbool.h that conforms to C99
configure:5826: gcc -c -g -O2  conftest.c >&5
configure:5826: $? = 0
configure:5833: result: yes
configure:5835: checking for _Bool
configure:5835: gcc -c -g -O2  conftest.c >&5
configure:5835: $? = 0
configure:5835: gcc -c -g -O2  conftest.c >&5
conftest.c: In function 'main':
conftest.c:65:20: error: expected expression before ')' token
 if (sizeof ((_Bool)))
                    ^
configure:5835: $? = 1
configure: failed program was:
| /* confdefs.h */
| #define PACKAGE_NAME "v-amps"
| #define PACKAGE_TARNAME "v-amps"
| #define PACKAGE_VERSION "0.0.1"
| #define PACKAGE_STRING "v-amps 0.0.1"
| #define PACKAGE_BUGREPORT "ede.cameron@gmail.com"
| #define PACKAGE_URL ""
| #define PACKAGE "v-amps"
| #define VERSION "0.0.1"
| #define HAVE_LIBQTCORE 1
| #define HAVE_LIBQTGUI 1
| #define HAVE_LIBQTOPENGL 1
| #define HAVE_LIBASOUND 1
| #define HAVE_LIBCLALSADRV 1
| #define HAVE_LIBJACK 1
| #define HAVE_LIBPTHREAD 1
| #define HAVE_LIBM 1
| #define STDC_HEADERS 1
| #define HAVE_SYS_TYPES_H 1
| #define HAVE_SYS_STAT_H 1
| #define HAVE_STDLIB_H 1
| #define HAVE_STRING_H 1
| #define HAVE_MEMORY_H 1
| #define HAVE_STRINGS_H 1
| #define HAVE_INTTYPES_H 1
| #define HAVE_STDINT_H 1
| #define HAVE_UNISTD_H 1
| /* end confdefs.h.  */
| #include <stdio.h>
| #ifdef HAVE_SYS_TYPES_H
| # include <sys/types.h>
| #endif
| #ifdef HAVE_SYS_STAT_H
| # include <sys/stat.h>
| #endif
| #ifdef STDC_HEADERS
| # include <stdlib.h>
| # include <stddef.h>
| #else
| # ifdef HAVE_STDLIB_H
| #  include <stdlib.h>
| # endif
| #endif
| #ifdef HAVE_STRING_H
| # if !defined STDC_HEADERS && defined HAVE_MEMORY_H
| #  include <memory.h>
| # endif
| # include <string.h>
| #endif
| #ifdef HAVE_STRINGS_H
| # include <strings.h>
| #endif
| #ifdef HAVE_INTTYPES_H
| # include <inttypes.h>
| #endif
| #ifdef HAVE_STDINT_H
| # include <stdint.h>
| #endif
| #ifdef HAVE_UNISTD_H
| # include <unistd.h>
| #endif
| int
| main ()
| {
| if (sizeof ((_Bool)))
| 	    return 0;
|   ;
|   return 0;
| }
configure:5835: result: yes
configure:5852: checking for an ANSI C-conforming const
configure:5918: gcc -c -g -O2  conftest.c >&5
configure:5918: $? = 0
configure:5925: result: yes
configure:5933: checking for inline
configure:5949: gcc -c -g -O2  conftest.c >&5
configure:5949: $? = 0
configure:5957: result: inline
configure:5975: checking for ssize_t
configure:5975: gcc -c -g -O2  conftest.c >&5
configure:5975: $? = 0
configure:5975: gcc -c -g -O2  conftest.c >&5
conftest.c: In function 'main':
conftest.c:67:22: error: expected expression before ')' token
 if (sizeof ((ssize_t)))
                      ^
configure:5975: $? = 1
configure: failed program was:
| /* confdefs.h */
| #define PACKAGE_NAME "v-amps"
| #define PACKAGE_TARNAME "v-amps"
| #define PACKAGE_VERSION "0.0.1"
| #define PACKAGE_STRING "v-amps 0.0.1"
| #define PACKAGE_BUGREPORT "ede.cameron@gmail.com"
| #define PACKAGE_URL ""
| #define PACKAGE "v-amps"
| #define VERSION "0.0.1"
| #define HAVE_LIBQTCORE 1
| #define HAVE_LIBQTGUI 1
| #define HAVE_LIBQTOPENGL 1
| #define HAVE_LIBASOUND 1
| #define HAVE_LIBCLALSADRV 1
| #define HAVE_LIBJACK 1
| #define HAVE_LIBPTHREAD 1
| #define HAVE_LIBM 1
| #define STDC_HEADERS 1
| #define HAVE_SYS_TYPES_H 1
| #define HAVE_SYS_STAT_H 1
| #define HAVE_STDLIB_H 1
| #define HAVE_STRING_H 1
| #define HAVE_MEMORY_H 1
| #define HAVE_STRINGS_H 1
| #define HAVE_INTTYPES_H 1
| #define HAVE_STDINT_H 1
| #define HAVE_UNISTD_H 1
| #define HAVE__BOOL 1
| #define HAVE_STDBOOL_H 1
| /* end confdefs.h.  */
| #include <stdio.h>
| #ifdef HAVE_SYS_TYPES_H
| # include <sys/types.h>
| #endif
| #ifdef HAVE_SYS_STAT_H
| # include <sys/stat.h>
| #endif
| #ifdef STDC_HEADERS
| # include <stdlib.h>
| # include <stddef.h>
| #else
| # ifdef HAVE_STDLIB_H
| #  include <stdlib.h>
| # endif
| #endif
| #ifdef HAVE_STRING_H
| # if !defined STDC_HEADERS && defined HAVE_MEMORY_H
| #  include <memory.h>
| # endif
| # include <string.h>
| #endif
| #ifdef HAVE_STRINGS_H
| # include <strings.h>
| #endif
| #ifdef HAVE_INTTYPES_H
| # include <inttypes.h>
| #endif
| #ifdef HAVE_STDINT_H
| # include <stdint.h>
| #endif
| #ifdef HAVE_UNISTD_H
| # include <unistd.h>
| #endif
| int
| main ()
| {
| if (sizeof ((ssize_t)))
| 	    return 0;
|   ;
|   return 0;
| }
configure:5975: result: yes
configure:5986: checking whether struct tm is in sys/time.h or time.h
configure:6006: gcc -c -g -O2  conftest.c >&5
configure:6006: $? = 0
configure:6013: result: time.h
configure:6025: checking for stdlib.h
configure:6025: result: yes
configure:6035: checking for GNU libc compatible malloc
configure:6059: gcc -o conftest -g -O2   conftest.c -lm -lpthread -ljack -lclalsadrv -lasound -lQtOpenGL -lQtGui -lQtCore  >&5
configure:6059: $? = 0
configure:6059: ./conftest
configure:6059: $? = 0
configure:6069: result: yes
configure:6093: checking sys/select.h usability
configure:6093: gcc -c -g -O2  conftest.c >&5
configure:6093: $? = 0
configure:6093: result: yes
configure:6093: checking sys/select.h presence
configure:6093: gcc -E  conftest.c
configure:6093: $? = 0
configure:6093: result: yes
configure:6093: checking for sys/select.h
configure:6093: result: yes
configure:6093: checking sys/socket.h usability
configure:6093: gcc -c -g -O2  conftest.c >&5
configure:6093: $? = 0
configure:6093: result: yes
configure:6093: checking sys/socket.h presence
configure:6093: gcc -E  conftest.c
configure:6093: $? = 0
configure:6093: result: yes
configure:6093: checking for sys/socket.h
configure:6093: result: yes
configure:6103: checking types of arguments for select
configure:6131: gcc -c -g -O2  conftest.c >&5
configure:6131: $? = 0
configure:6142: result: int,fd_set *,struct timeval *
configure:6165: checking whether lstat correctly handles trailing slash
configure:6191: gcc -o conftest -g -O2   conftest.c -lm -lpthread -ljack -lclalsadrv -lasound -lQtOpenGL -lQtGui -lQtCore  >&5
configure:6191: $? = 0
configure:6191: ./conftest
configure:6191: $? = 0
configure:6208: result: yes
configure:6227: checking whether stat accepts an empty string
configure:6247: gcc -o conftest -g -O2   conftest.c -lm -lpthread -ljack -lclalsadrv -lasound -lQtOpenGL -lQtGui -lQtCore  >&5
configure:6247: $? = 0
configure:6247: ./conftest
configure:6247: $? = 0
configure:6257: result: no
configure:6276: checking for floor
configure:6276: gcc -o conftest -g -O2   conftest.c -lm -lpthread -ljack -lclalsadrv -lasound -lQtOpenGL -lQtGui -lQtCore  >&5
conftest.c:62:6: warning: conflicting types for built-in function 'floor'
 char floor ();
      ^
configure:6276: $? = 0
configure:6276: result: yes
configure:6276: checking for ftruncate
configure:6276: gcc -o conftest -g -O2   conftest.c -lm -lpthread -ljack -lclalsadrv -lasound -lQtOpenGL -lQtGui -lQtCore  >&5
configure:6276: $? = 0
configure:6276: result: yes
configure:6276: checking for getcwd
configure:6276: gcc -o conftest -g -O2   conftest.c -lm -lpthread -ljack -lclalsadrv -lasound -lQtOpenGL -lQtGui -lQtCore  >&5
configure:6276: $? = 0
configure:6276: result: yes
configure:6276: checking for memset
configure:6276: gcc -o conftest -g -O2   conftest.c -lm -lpthread -ljack -lclalsadrv -lasound -lQtOpenGL -lQtGui -lQtCore  >&5
conftest.c:65:6: warning: conflicting types for built-in function 'memset'
 char memset ();
      ^
configure:6276: $? = 0
configure:6276: result: yes
configure:6276: checking for mkdir
configure:6276: gcc -o conftest -g -O2   conftest.c -lm -lpthread -ljack -lclalsadrv -lasound -lQtOpenGL -lQtGui -lQtCore  >&5
configure:6276: $? = 0
configure:6276: result: yes
configure:6276: checking for pow
configure:6276: gcc -o conftest -g -O2   conftest.c -lm -lpthread -ljack -lclalsadrv -lasound -lQtOpenGL -lQtGui -lQtCore  >&5
conftest.c:67:6: warning: conflicting types for built-in function 'pow'
 char pow ();
      ^
configure:6276: $? = 0
configure:6276: result: yes
configure:6276: checking for rint
configure:6276: gcc -o conftest -g -O2   conftest.c -lm -lpthread -ljack -lclalsadrv -lasound -lQtOpenGL -lQtGui -lQtCore  >&5
conftest.c:68:6: warning: conflicting types for built-in function 'rint'
 char rint ();
      ^
configure:6276: $? = 0
configure:6276: result: yes
configure:6276: checking for select
configure:6276: gcc -o conftest -g -O2   conftest.c -lm -lpthread -ljack -lclalsadrv -lasound -lQtOpenGL -lQtGui -lQtCore  >&5
configure:6276: $? = 0
configure:6276: result: yes
configure:6276: checking for sqrt
configure:6276: gcc -o conftest -g -O2   conftest.c -lm -lpthread -ljack -lclalsadrv -lasound -lQtOpenGL -lQtGui -lQtCore  >&5
conftest.c:70:6: warning: conflicting types for built-in function 'sqrt'
 char sqrt ();
      ^
configure:6276: $? = 0
configure:6276: result: yes
configure:6411: checking that generated files are newer than configure
configure:6417: result: done
configure:6444: creating ./config.status

## ---------------------- ##
## Running config.status. ##
## ---------------------- ##

This file was extended by v-amps config.status 0.0.1, which was
generated by GNU Autoconf 2.69.  Invocation command line was

  CONFIG_FILES    = 
  CONFIG_HEADERS  = 
  CONFIG_LINKS    = 
  CONFIG_COMMANDS = 
  $ ./config.status 

on ede-MacBookPro

config.status:914: creating Makefile
config.status:914: creating colors/Makefile
config.status:914: creating pixmaps/Makefile
config.status:914: creating man/Makefile
config.status:914: creating src/Makefile
config.status:914: creating src/config.h
config.status:1095: src/config.h is unchanged
config.status:1143: executing depfiles commands

## ---------------- ##
## Cache variables. ##
## ---------------- ##

ac_cv_build=x86_64-unknown-linux-gnu
ac_cv_c_compiler_gnu=yes
ac_cv_c_const=yes
ac_cv_c_inline=inline
ac_cv_cxx_compiler_gnu=yes
ac_cv_env_CCC_set=
ac_cv_env_CCC_value=
ac_cv_env_CC_set=
ac_cv_env_CC_value=
ac_cv_env_CFLAGS_set=
ac_cv_env_CFLAGS_value=
ac_cv_env_CPPFLAGS_set=
ac_cv_env_CPPFLAGS_value=
ac_cv_env_CPP_set=
ac_cv_env_CPP_value=
ac_cv_env_CXXFLAGS_set=
ac_cv_env_CXXFLAGS_value=
ac_cv_env_CXX_set=
ac_cv_env_CXX_value=
ac_cv_env_LDFLAGS_set=
ac_cv_env_LDFLAGS_value=
ac_cv_env_LIBS_set=
ac_cv_env_LIBS_value=
ac_cv_env_PKG_CONFIG_LIBDIR_set=
ac_cv_env_PKG_CONFIG_LIBDIR_value=
ac_cv_env_PKG_CONFIG_PATH_set=
ac_cv_env_PKG_CONFIG_PATH_value=
ac_cv_env_PKG_CONFIG_set=
ac_cv_env_PKG_CONFIG_value=
ac_cv_env_QT_CFLAGS_set=
ac_cv_env_QT_CFLAGS_value=
ac_cv_env_QT_LIBS_set=
ac_cv_env_QT_LIBS_value=
ac_cv_env_build_alias_set=
ac_cv_env_build_alias_value=
ac_cv_env_host_alias_set=
ac_cv_env_host_alias_value=
ac_cv_env_target_alias_set=
ac_cv_env_target_alias_value=
ac_cv_file__usr_include_qt4_QtGui_QWidget=yes
ac_cv_func_floor=yes
ac_cv_func_ftruncate=yes
ac_cv_func_getcwd=yes
ac_cv_func_lstat_dereferences_slashed_symlink=yes
ac_cv_func_malloc_0_nonnull=yes
ac_cv_func_memset=yes
ac_cv_func_mkdir=yes
ac_cv_func_pow=yes
ac_cv_func_rint=yes
ac_cv_func_select=yes
ac_cv_func_select_args='int,fd_set *,struct timeval *'
ac_cv_func_sqrt=yes
ac_cv_func_stat_empty_string_bug=no
ac_cv_header_inttypes_h=yes
ac_cv_header_memory_h=yes
ac_cv_header_stdbool_h=yes
ac_cv_header_stdc=yes
ac_cv_header_stdint_h=yes
ac_cv_header_stdlib_h=yes
ac_cv_header_string_h=yes
ac_cv_header_strings_h=yes
ac_cv_header_sys_select_h=yes
ac_cv_header_sys_socket_h=yes
ac_cv_header_sys_stat_h=yes
ac_cv_header_sys_types_h=yes
ac_cv_header_unistd_h=yes
ac_cv_host=x86_64-unknown-linux-gnu
ac_cv_lib_QtCore_main=yes
ac_cv_lib_QtGui_main=yes
ac_cv_lib_QtOpenGL_main=yes
ac_cv_lib_asound_snd_pcm_open=yes
ac_cv_lib_clalsadrv_main=yes
ac_cv_lib_jack_jack_client_new=yes
ac_cv_lib_m_roundf=yes
ac_cv_lib_pthread_pthread_create=yes
ac_cv_objext=o
ac_cv_path_EGREP='/bin/grep -E'
ac_cv_path_GREP=/bin/grep
ac_cv_path_LRELEASE=/usr/bin/lrelease-qt4
ac_cv_path_LUPDATE=/usr/bin/lupdate-qt4
ac_cv_path_MOC=/usr/bin/moc-qt4
ac_cv_path_ac_pt_PKG_CONFIG=/usr/bin/pkg-config
ac_cv_path_install='/usr/bin/install -c'
ac_cv_path_mkdir=/bin/mkdir
ac_cv_prog_AWK=mawk
ac_cv_prog_CPP='gcc -E'
ac_cv_prog_ac_ct_CC=gcc
ac_cv_prog_ac_ct_CXX=g++
ac_cv_prog_ac_ct_RANLIB=ranlib
ac_cv_prog_cc_c89=
ac_cv_prog_cc_g=yes
ac_cv_prog_cxx_g=yes
ac_cv_prog_make_make_set=yes
ac_cv_struct_tm=time.h
ac_cv_target=x86_64-unknown-linux-gnu
ac_cv_type__Bool=yes
ac_cv_type_ssize_t=yes
am_cv_CC_dependencies_compiler_type=gcc3
am_cv_CXX_dependencies_compiler_type=gcc3
am_cv_make_support_nested_variables=yes
am_cv_prog_cc_c_o=yes
pkg_cv_QT_CFLAGS='-DQT_SHARED -I/usr/include/qt4 -I/usr/include/qt4/QtGui -I/usr/include/qt4 -I/usr/include/qt4/QtCore'
pkg_cv_QT_LIBS='-lQtGui -lQtCore'

## ----------------- ##
## Output variables. ##
## ----------------- ##

ACLOCAL='aclocal-1.15'
AMDEPBACKSLASH='\'
AMDEP_FALSE='#'
AMDEP_TRUE=''
AMTAR='$${TAR-tar}'
AM_BACKSLASH='\'
AM_DEFAULT_V='$(AM_DEFAULT_VERBOSITY)'
AM_DEFAULT_VERBOSITY='1'
AM_V='$(V)'
AUTOCONF='autoconf'
AUTOHEADER='autoheader'
AUTOMAKE='automake-1.15'
AWK='mawk'
CC='gcc'
CCDEPMODE='depmode=gcc3'
CFLAGS='-g -O2'
CPP='gcc -E'
CPPFLAGS=''
CXX='g++'
CXXDEPMODE='depmode=gcc3'
CXXFLAGS='-g -O2'
CYGPATH_W='echo'
DEFS='-DHAVE_CONFIG_H'
DEPDIR='.deps'
ECHO_C=''
ECHO_N='-n'
ECHO_T=''
EGREP='/bin/grep -E'
EXEEXT=''
GREP='/bin/grep'
INSTALL_DATA='${INSTALL} -m 644'
INSTALL_PROGRAM='${INSTALL}'
INSTALL_SCRIPT='${INSTALL}'
INSTALL_STRIP_PROGRAM='$(install_sh) -c -s'
LDFLAGS=''
LIBOBJS=''
LIBS='-lm -lpthread -ljack -lclalsadrv -lasound -lQtOpenGL -lQtGui -lQtCore '
LN_S='ln -s'
LRELEASE='/usr/bin/lrelease-qt4'
LTLIBOBJS=''
LUPDATE='/usr/bin/lupdate-qt4'
MAKEINFO='makeinfo'
MKDIR_P='/bin/mkdir -p'
MOC='/usr/bin/moc-qt4'
OBJEXT='o'
PACKAGE='v-amps'
PACKAGE_BUGREPORT='ede.cameron@gmail.com'
PACKAGE_NAME='v-amps'
PACKAGE_STRING='v-amps 0.0.1'
PACKAGE_TARNAME='v-amps'
PACKAGE_URL=''
PACKAGE_VERSION='0.0.1'
PATH_SEPARATOR=':'
PKG_CONFIG='/usr/bin/pkg-config'
PKG_CONFIG_LIBDIR=''
PKG_CONFIG_PATH=''
QT_CFLAGS='-DQT_SHARED -I/usr/include/qt4 -I/usr/include/qt4/QtGui -I/usr/include/qt4 -I/usr/include/qt4/QtCore'
QT_CXXFLAGS='-DQT_SHARED -I/usr/include/qt4 -I/usr/include/qt4/QtOpenGL -I/usr/include/qt4 -I/usr/include/qt4/QtGui -I/usr/include/qt4 -I/usr/include/qt4/QtCore'
QT_LIBS='-lQtGui -lQtCore'
RANLIB='ranlib'
SET_MAKE=''
SHELL='/bin/bash'
STRIP=''
VAMPS_CXXFLAGS='-Wall -std=c++11 -m64 -msse -mfpmath=sse -ffast-math'
VERSION='0.0.1'
ac_ct_CC='gcc'
ac_ct_CXX='g++'
am__EXEEXT_FALSE=''
am__EXEEXT_TRUE='#'
am__fastdepCC_FALSE='#'
am__fastdepCC_TRUE=''
am__fastdepCXX_FALSE='#'
am__fastdepCXX_TRUE=''
am__include='include'
am__isrc=''
am__leading_dot='.'
am__nodep='_no'
am__quote=''
am__tar='$${TAR-tar} chof - "$$tardir"'
am__untar='$${TAR-tar} xf -'
bindir='${exec_prefix}/bin'
build='x86_64-unknown-linux-gnu'
build_alias=''
build_cpu='x86_64'
build_os='linux-gnu'
build_vendor='unknown'
datadir='${datarootdir}'
datarootdir='${prefix}/share'
docdir='${datarootdir}/doc/${PACKAGE_TARNAME}'
dvidir='${docdir}'
exec_prefix='${prefix}'
host='x86_64-unknown-linux-gnu'
host_alias=''
host_cpu='x86_64'
host_os='linux-gnu'
host_vendor='unknown'
htmldir='${docdir}'
includedir='${prefix}/include'
infodir='${datarootdir}/info'
install_sh='${SHELL} /home/ede/ams/v-amps-linux-0.1/source_code/install-sh'
libdir='${exec_prefix}/lib'
libexecdir='${exec_prefix}/libexec'
localedir='${datarootdir}/locale'
localstatedir='${prefix}/var'
mandir='${datarootdir}/man'
mkdir_p='$(MKDIR_P)'
oldincludedir='/usr/include'
pdfdir='${docdir}'
prefix='/usr/local'
program_transform_name='s,x,x,'
psdir='${docdir}'
runstatedir='${localstatedir}/run'
sbindir='${exec_prefix}/sbin'
sharedstatedir='${prefix}/com'
sysconfdir='${prefix}/etc'
target='x86_64-unknown-linux-gnu'
target_alias=''
target_cpu='x86_64'
target_os='linux-gnu'
target_vendor='unknown'

## ----------- ##
## confdefs.h. ##
## ----------- ##

/* confdefs.h */
#define PACKAGE_NAME "v-amps"
#define PACKAGE_TARNAME "v-amps"
#define PACKAGE_VERSION "0.0.1"
#define PACKAGE_STRING "v-amps 0.0.1"
#define PACKAGE_BUGREPORT "ede.cameron@gmail.com"
#define PACKAGE_URL ""
#define PACKAGE "v-amps"
#define VERSION "0.0.1"
#define HAVE_LIBQTCORE 1
#define HAVE_LIBQTGUI 1
#define HAVE_LIBQTOPENGL 1
#define HAVE_LIBASOUND 1
#define HAVE_LIBCLALSADRV 1
#define HAVE_LIBJACK 1
#define HAVE_LIBPTHREAD 1
#define HAVE_LIBM 1
#define STDC_HEADERS 1
#define HAVE_SYS_TYPES_H 1
#define HAVE_SYS_STAT_H 1
#define HAVE_STDLIB_H 1
#define HAVE_STRING_H 1
#define HAVE_MEMORY_H 1
#define HAVE_STRINGS_H 1
#define HAVE_INTTYPES_H 1
#define HAVE_STDINT_H 1
#define HAVE_UNISTD_H 1
#define HAVE__BOOL 1
#define HAVE_STDBOOL_H 1
#define HAVE_STDLIB_H 1
#define HAVE_MALLOC 1
#define HAVE_SYS_SELECT_H 1
#define HAVE_SYS_SOCKET_H 1
#define SELECT_TYPE_ARG1 int
#define SELECT_TYPE_ARG234 (fd_set *)
#define SELECT_TYPE_ARG5 (struct timeval *)
#define LSTAT_FOLLOWS_SLASHED_SYMLINK 1
#define HAVE_FLOOR 1
#define HAVE_FTRUNCATE 1
#define HAVE_GETCWD 1
#define HAVE_MEMSET 1
#define HAVE_MKDIR 1
#define HAVE_POW 1
#define HAVE_RINT 1
#define HAVE_SELECT 1
#define HAVE_SQRT 1

configure: exit 0
